2020-03-03 18:43:01,088 [Worker-3] INFO  o.e.m.c.i.p.ProjectConfigurationManager - Collecting project info '/pom.xml' C:\softwares\eclipse\ bhavya git1 hometask-4\CleanCodeSerialization\pom.xml
2020-03-03 18:43:05,923 [Worker-3] INFO  o.e.m.c.i.l.LifecycleMappingFactory - Using org.eclipse.m2e.jdt.JarLifecycleMapping lifecycle mapping for MavenProject: com.epam:CleanCodeSerialization:0.0.1-SNAPSHOT @ C:\softwares\eclipse\ bhavya git1 hometask-4\CleanCodeSerialization\pom.xml.
2020-03-03 18:43:07,733 [Worker-3] INFO  o.e.m.j.i.AbstractJavaProjectConfigurator - Adding source folder /CleanCodeSerialization/src/main/java
2020-03-03 18:43:07,747 [Worker-3] INFO  o.e.m.j.i.AbstractJavaProjectConfigurator - Adding source folder /CleanCodeSerialization/src/test/java
2020-03-03 18:43:08,613 [Worker-3] INFO  o.e.m.c.i.p.ProjectConfigurationManager - Imported and configured 1 project(s) in 7 sec
2020-03-03 18:43:09,209 [Worker-7] INFO  o.e.m.c.i.embedder.EclipseLogger - Using 'UTF-8' encoding to copy filtered resources.
2020-03-03 18:43:09,210 [Worker-7] INFO  o.e.m.c.i.embedder.EclipseLogger - skip non existing resourceDirectory C:\softwares\eclipse\ bhavya git1 hometask-4\CleanCodeSerialization\src\main\resources
2020-03-03 18:43:09,213 [Worker-7] INFO  o.e.m.c.i.embedder.EclipseLogger - Using 'UTF-8' encoding to copy filtered resources.
2020-03-03 18:43:09,214 [Worker-7] INFO  o.e.m.c.i.embedder.EclipseLogger - skip non existing resourceDirectory C:\softwares\eclipse\ bhavya git1 hometask-4\CleanCodeSerialization\src\test\resources
2020-03-03 18:43:41,224 [Worker-3] INFO  o.e.m.c.i.p.ProjectConfigurationManager - Collecting project info '/pom.xml' C:\softwares\eclipse\ bhavya git1 hometask-4\HomeTask-4\pom.xml
2020-03-03 18:43:41,876 [Worker-3] INFO  o.e.m.c.i.l.LifecycleMappingFactory - Using org.eclipse.m2e.jdt.JarLifecycleMapping lifecycle mapping for MavenProject: com.epam:HomeTask-4:0.0.1-SNAPSHOT @ C:\softwares\eclipse\ bhavya git1 hometask-4\HomeTask-4\pom.xml.
2020-03-03 18:43:42,435 [Worker-3] INFO  o.e.m.j.i.AbstractJavaProjectConfigurator - Adding source folder /HomeTask-4/src/main/java
2020-03-03 18:43:42,443 [Worker-3] INFO  o.e.m.j.i.AbstractJavaProjectConfigurator - Adding source folder /HomeTask-4/src/test/java
2020-03-03 18:43:42,537 [Worker-3] INFO  o.e.m.c.i.p.ProjectConfigurationManager - Imported and configured 1 project(s) in 1 sec
2020-03-03 18:43:42,830 [Worker-3] INFO  o.e.m.c.i.embedder.EclipseLogger - Using 'UTF-8' encoding to copy filtered resources.
2020-03-03 18:43:42,830 [Worker-3] INFO  o.e.m.c.i.embedder.EclipseLogger - skip non existing resourceDirectory C:\softwares\eclipse\ bhavya git1 hometask-4\HomeTask-4\src\main\resources
2020-03-03 18:43:42,834 [Worker-3] INFO  o.e.m.c.i.embedder.EclipseLogger - Using 'UTF-8' encoding to copy filtered resources.
2020-03-03 18:43:42,834 [Worker-3] INFO  o.e.m.c.i.embedder.EclipseLogger - skip non existing resourceDirectory C:\softwares\eclipse\ bhavya git1 hometask-4\HomeTask-4\src\test\resources
2020-03-03 18:47:15,773 [Worker-17] INFO  o.e.m.c.i.l.LifecycleMappingFactory - Using org.eclipse.m2e.jdt.JarLifecycleMapping lifecycle mapping for MavenProject: com.epam:HomeTask-4:0.0.1-SNAPSHOT @ C:\softwares\eclipse\ bhavya git1 hometask-4\HomeTask-4\pom.xml.
2020-03-03 18:47:16,510 [Worker-17] INFO  o.e.m.c.i.embedder.EclipseLogger - Using 'UTF-8' encoding to copy filtered resources.
2020-03-03 18:47:16,510 [Worker-17] INFO  o.e.m.c.i.embedder.EclipseLogger - skip non existing resourceDirectory C:\softwares\eclipse\ bhavya git1 hometask-4\HomeTask-4\src\main\resources
2020-03-03 18:47:16,512 [Worker-17] INFO  o.e.m.c.i.embedder.EclipseLogger - Using 'UTF-8' encoding to copy filtered resources.
2020-03-03 18:47:16,512 [Worker-17] INFO  o.e.m.c.i.embedder.EclipseLogger - skip non existing resourceDirectory C:\softwares\eclipse\ bhavya git1 hometask-4\HomeTask-4\src\test\resources
2020-03-03 18:47:17,960 [Worker-12] INFO  o.e.m.c.i.embedder.EclipseLogger - Using 'UTF-8' encoding to copy filtered resources.
2020-03-03 18:47:17,962 [Worker-12] INFO  o.e.m.c.i.embedder.EclipseLogger - skip non existing resourceDirectory C:\softwares\eclipse\ bhavya git1 hometask-4\HomeTask-4\src\main\resources
2020-03-03 18:47:17,969 [Worker-12] INFO  o.e.m.c.i.embedder.EclipseLogger - Using 'UTF-8' encoding to copy filtered resources.
2020-03-03 18:47:17,970 [Worker-12] INFO  o.e.m.c.i.embedder.EclipseLogger - skip non existing resourceDirectory C:\softwares\eclipse\ bhavya git1 hometask-4\HomeTask-4\src\test\resources
2020-03-03 18:47:29,836 [Worker-20] INFO  o.e.m.c.i.p.ProjectConfigurationManager - Update started
2020-03-03 18:47:30,362 [Worker-20] INFO  o.e.m.c.i.l.LifecycleMappingFactory - Using org.eclipse.m2e.jdt.JarLifecycleMapping lifecycle mapping for MavenProject: com.epam:HomeTask-4:0.0.1-SNAPSHOT @ C:\softwares\eclipse\ bhavya git1 hometask-4\HomeTask-4\pom.xml.
2020-03-03 18:47:30,560 [Worker-20] INFO  o.e.m.j.i.AbstractJavaProjectConfigurator - Adding source folder /HomeTask-4/src/main/java
2020-03-03 18:47:30,561 [Worker-20] INFO  o.e.m.j.i.AbstractJavaProjectConfigurator - Adding source folder /HomeTask-4/src/test/java
2020-03-03 18:47:30,696 [Worker-20] INFO  o.e.m.c.i.p.ProjectConfigurationManager - Update completed: 0 sec
2020-03-03 18:47:30,929 [Worker-17] INFO  o.e.m.c.i.embedder.EclipseLogger - Using 'UTF-8' encoding to copy filtered resources.
2020-03-03 18:47:30,930 [Worker-17] INFO  o.e.m.c.i.embedder.EclipseLogger - skip non existing resourceDirectory C:\softwares\eclipse\ bhavya git1 hometask-4\HomeTask-4\src\main\resources
2020-03-03 18:47:30,932 [Worker-17] INFO  o.e.m.c.i.embedder.EclipseLogger - Using 'UTF-8' encoding to copy filtered resources.
2020-03-03 18:47:30,932 [Worker-17] INFO  o.e.m.c.i.embedder.EclipseLogger - skip non existing resourceDirectory C:\softwares\eclipse\ bhavya git1 hometask-4\HomeTask-4\src\test\resources
2020-03-03 18:47:45,833 [Worker-17] INFO  o.e.m.c.i.embedder.EclipseLogger - Using 'UTF-8' encoding to copy filtered resources.
2020-03-03 18:47:45,834 [Worker-17] INFO  o.e.m.c.i.embedder.EclipseLogger - skip non existing resourceDirectory C:\softwares\eclipse\ bhavya git1 hometask-4\HomeTask-4\src\main\resources
2020-03-03 18:47:45,835 [Worker-17] INFO  o.e.m.c.i.embedder.EclipseLogger - Using 'UTF-8' encoding to copy filtered resources.
2020-03-03 18:47:45,836 [Worker-17] INFO  o.e.m.c.i.embedder.EclipseLogger - skip non existing resourceDirectory C:\softwares\eclipse\ bhavya git1 hometask-4\HomeTask-4\src\test\resources
2020-03-03 18:48:00,566 [Worker-12] INFO  o.e.m.c.i.p.ProjectConfigurationManager - Update started
2020-03-03 18:48:01,051 [Worker-12] INFO  o.e.m.c.i.l.LifecycleMappingFactory - Using org.eclipse.m2e.jdt.JarLifecycleMapping lifecycle mapping for MavenProject: com.epam:HomeTask-4:0.0.1-SNAPSHOT @ C:\softwares\eclipse\ bhavya git1 hometask-4\HomeTask-4\pom.xml.
2020-03-03 18:48:01,206 [Worker-12] INFO  o.e.m.j.i.AbstractJavaProjectConfigurator - Adding source folder /HomeTask-4/src/main/java
2020-03-03 18:48:01,207 [Worker-12] INFO  o.e.m.j.i.AbstractJavaProjectConfigurator - Adding source folder /HomeTask-4/src/test/java
2020-03-03 18:48:01,318 [Worker-12] INFO  o.e.m.c.i.p.ProjectConfigurationManager - Update completed: 0 sec
2020-03-03 18:48:01,547 [Worker-21] INFO  o.e.m.c.i.embedder.EclipseLogger - Using 'UTF-8' encoding to copy filtered resources.
2020-03-03 18:48:01,548 [Worker-21] INFO  o.e.m.c.i.embedder.EclipseLogger - skip non existing resourceDirectory C:\softwares\eclipse\ bhavya git1 hometask-4\HomeTask-4\src\main\resources
2020-03-03 18:48:01,550 [Worker-21] INFO  o.e.m.c.i.embedder.EclipseLogger - Using 'UTF-8' encoding to copy filtered resources.
2020-03-03 18:48:01,551 [Worker-21] INFO  o.e.m.c.i.embedder.EclipseLogger - skip non existing resourceDirectory C:\softwares\eclipse\ bhavya git1 hometask-4\HomeTask-4\src\test\resources
2020-03-03 18:48:09,987 [Worker-20] INFO  o.e.m.i.launch.MavenLaunchDelegate - C:\softwares\eclipse\ bhavya git1 hometask-4\HomeTask-4
2020-03-03 18:48:09,988 [Worker-20] INFO  o.e.m.i.launch.MavenLaunchDelegate -  mvn -B install
2020-03-03 18:48:13,341 [Worker-12] INFO  o.e.m.c.i.embedder.EclipseLogger - Using 'UTF-8' encoding to copy filtered resources.
2020-03-03 18:48:13,342 [Worker-12] INFO  o.e.m.c.i.embedder.EclipseLogger - skip non existing resourceDirectory C:\softwares\eclipse\ bhavya git1 hometask-4\HomeTask-4\src\main\resources
2020-03-03 18:48:13,343 [Worker-12] INFO  o.e.m.c.i.embedder.EclipseLogger - Using 'UTF-8' encoding to copy filtered resources.
2020-03-03 18:48:13,343 [Worker-12] INFO  o.e.m.c.i.embedder.EclipseLogger - skip non existing resourceDirectory C:\softwares\eclipse\ bhavya git1 hometask-4\HomeTask-4\src\test\resources
2020-03-03 18:48:50,308 [Worker-20] INFO  o.e.m.c.i.embedder.EclipseLogger - Using 'UTF-8' encoding to copy filtered resources.
2020-03-03 18:48:50,308 [Worker-20] INFO  o.e.m.c.i.embedder.EclipseLogger - skip non existing resourceDirectory C:\softwares\eclipse\ bhavya git1 hometask-4\HomeTask-4\src\main\resources
2020-03-03 18:48:50,309 [Worker-20] INFO  o.e.m.c.i.embedder.EclipseLogger - Using 'UTF-8' encoding to copy filtered resources.
2020-03-03 18:48:50,310 [Worker-20] INFO  o.e.m.c.i.embedder.EclipseLogger - skip non existing resourceDirectory C:\softwares\eclipse\ bhavya git1 hometask-4\HomeTask-4\src\test\resources
2020-03-03 18:48:57,831 [Worker-18] INFO  o.e.m.c.i.p.ProjectConfigurationManager - Update started
2020-03-03 18:48:58,197 [Worker-18] INFO  o.e.m.c.i.l.LifecycleMappingFactory - Using org.eclipse.m2e.jdt.JarLifecycleMapping lifecycle mapping for MavenProject: com.epam:HomeTask-4:0.0.1-SNAPSHOT @ C:\softwares\eclipse\ bhavya git1 hometask-4\HomeTask-4\pom.xml.
2020-03-03 18:48:58,335 [Worker-18] INFO  o.e.m.j.i.AbstractJavaProjectConfigurator - Adding source folder /HomeTask-4/src/main/java
2020-03-03 18:48:58,336 [Worker-18] INFO  o.e.m.j.i.AbstractJavaProjectConfigurator - Adding source folder /HomeTask-4/src/test/java
2020-03-03 18:48:58,435 [Worker-18] INFO  o.e.m.c.i.p.ProjectConfigurationManager - Update completed: 0 sec
2020-03-03 18:48:58,618 [Worker-22] INFO  o.e.m.c.i.embedder.EclipseLogger - Using 'UTF-8' encoding to copy filtered resources.
2020-03-03 18:48:58,618 [Worker-22] INFO  o.e.m.c.i.embedder.EclipseLogger - skip non existing resourceDirectory C:\softwares\eclipse\ bhavya git1 hometask-4\HomeTask-4\src\main\resources
2020-03-03 18:48:58,620 [Worker-22] INFO  o.e.m.c.i.embedder.EclipseLogger - Using 'UTF-8' encoding to copy filtered resources.
2020-03-03 18:48:58,620 [Worker-22] INFO  o.e.m.c.i.embedder.EclipseLogger - skip non existing resourceDirectory C:\softwares\eclipse\ bhavya git1 hometask-4\HomeTask-4\src\test\resources
2020-03-03 18:49:09,642 [Worker-12] INFO  o.e.m.i.launch.MavenLaunchDelegate - C:\softwares\eclipse\ bhavya git1 hometask-4\HomeTask-4
2020-03-03 18:49:09,643 [Worker-12] INFO  o.e.m.i.launch.MavenLaunchDelegate -  mvn -B install
2020-03-03 18:49:12,581 [Worker-12] INFO  o.e.m.c.i.embedder.EclipseLogger - Using 'UTF-8' encoding to copy filtered resources.
2020-03-03 18:49:12,581 [Worker-12] INFO  o.e.m.c.i.embedder.EclipseLogger - skip non existing resourceDirectory C:\softwares\eclipse\ bhavya git1 hometask-4\HomeTask-4\src\main\resources
2020-03-03 18:49:12,583 [Worker-12] INFO  o.e.m.c.i.embedder.EclipseLogger - Using 'UTF-8' encoding to copy filtered resources.
2020-03-03 18:49:12,583 [Worker-12] INFO  o.e.m.c.i.embedder.EclipseLogger - skip non existing resourceDirectory C:\softwares\eclipse\ bhavya git1 hometask-4\HomeTask-4\src\test\resources
2020-03-03 18:49:43,250 [Worker-20] INFO  o.e.m.i.launch.MavenLaunchDelegate - C:\softwares\eclipse\ bhavya git1 hometask-4\HomeTask-4
2020-03-03 18:49:43,250 [Worker-20] INFO  o.e.m.i.launch.MavenLaunchDelegate -  mvn -B install
2020-03-03 18:49:48,411 [Worker-7] INFO  o.e.m.c.i.embedder.EclipseLogger - Using 'UTF-8' encoding to copy filtered resources.
2020-03-03 18:49:48,411 [Worker-7] INFO  o.e.m.c.i.embedder.EclipseLogger - skip non existing resourceDirectory C:\softwares\eclipse\ bhavya git1 hometask-4\HomeTask-4\src\main\resources
2020-03-03 18:49:48,412 [Worker-7] INFO  o.e.m.c.i.embedder.EclipseLogger - Using 'UTF-8' encoding to copy filtered resources.
2020-03-03 18:49:48,412 [Worker-7] INFO  o.e.m.c.i.embedder.EclipseLogger - skip non existing resourceDirectory C:\softwares\eclipse\ bhavya git1 hometask-4\HomeTask-4\src\test\resources
2020-03-03 18:50:55,352 [Worker-12] INFO  o.e.m.c.i.embedder.EclipseLogger - Using 'UTF-8' encoding to copy filtered resources.
2020-03-03 18:50:55,353 [Worker-12] INFO  o.e.m.c.i.embedder.EclipseLogger - skip non existing resourceDirectory C:\softwares\eclipse\ bhavya git1 hometask-4\HomeTask-4\src\main\resources
2020-03-03 18:50:55,354 [Worker-12] INFO  o.e.m.c.i.embedder.EclipseLogger - Using 'UTF-8' encoding to copy filtered resources.
2020-03-03 18:50:55,354 [Worker-12] INFO  o.e.m.c.i.embedder.EclipseLogger - skip non existing resourceDirectory C:\softwares\eclipse\ bhavya git1 hometask-4\HomeTask-4\src\test\resources
2020-03-03 18:51:08,490 [Worker-21] INFO  o.e.m.c.i.p.ProjectConfigurationManager - Update started
2020-03-03 18:51:08,869 [Worker-21] INFO  o.e.m.c.i.l.LifecycleMappingFactory - Using org.eclipse.m2e.jdt.JarLifecycleMapping lifecycle mapping for MavenProject: com.epam:HomeTask-4:0.0.1-SNAPSHOT @ C:\softwares\eclipse\ bhavya git1 hometask-4\HomeTask-4\pom.xml.
2020-03-03 18:51:09,050 [Worker-21] INFO  o.e.m.j.i.AbstractJavaProjectConfigurator - Adding source folder /HomeTask-4/src/main/java
2020-03-03 18:51:09,051 [Worker-21] INFO  o.e.m.j.i.AbstractJavaProjectConfigurator - Adding source folder /HomeTask-4/src/test/java
2020-03-03 18:51:09,165 [Worker-21] INFO  o.e.m.c.i.p.ProjectConfigurationManager - Update completed: 0 sec
2020-03-03 18:51:09,363 [Worker-17] INFO  o.e.m.c.i.embedder.EclipseLogger - Using 'UTF-8' encoding to copy filtered resources.
2020-03-03 18:51:09,363 [Worker-17] INFO  o.e.m.c.i.embedder.EclipseLogger - skip non existing resourceDirectory C:\softwares\eclipse\ bhavya git1 hometask-4\HomeTask-4\src\main\resources
2020-03-03 18:51:09,365 [Worker-17] INFO  o.e.m.c.i.embedder.EclipseLogger - Using 'UTF-8' encoding to copy filtered resources.
2020-03-03 18:51:09,366 [Worker-17] INFO  o.e.m.c.i.embedder.EclipseLogger - skip non existing resourceDirectory C:\softwares\eclipse\ bhavya git1 hometask-4\HomeTask-4\src\test\resources
2020-03-03 18:51:35,508 [Worker-20] INFO  o.e.m.c.i.embedder.EclipseLogger - Using 'UTF-8' encoding to copy filtered resources.
2020-03-03 18:51:35,508 [Worker-20] INFO  o.e.m.c.i.embedder.EclipseLogger - skip non existing resourceDirectory C:\softwares\eclipse\ bhavya git1 hometask-4\HomeTask-4\src\main\resources
2020-03-03 18:51:35,509 [Worker-20] INFO  o.e.m.c.i.embedder.EclipseLogger - Using 'UTF-8' encoding to copy filtered resources.
2020-03-03 18:51:35,510 [Worker-20] INFO  o.e.m.c.i.embedder.EclipseLogger - skip non existing resourceDirectory C:\softwares\eclipse\ bhavya git1 hometask-4\HomeTask-4\src\test\resources
2020-03-03 18:51:42,392 [Worker-20] INFO  o.e.m.i.launch.MavenLaunchDelegate - C:\softwares\eclipse\ bhavya git1 hometask-4\HomeTask-4
2020-03-03 18:51:42,392 [Worker-20] INFO  o.e.m.i.launch.MavenLaunchDelegate -  mvn -B install
2020-03-03 18:51:46,598 [Worker-20] INFO  o.e.m.c.i.embedder.EclipseLogger - Using 'UTF-8' encoding to copy filtered resources.
2020-03-03 18:51:46,598 [Worker-20] INFO  o.e.m.c.i.embedder.EclipseLogger - skip non existing resourceDirectory C:\softwares\eclipse\ bhavya git1 hometask-4\HomeTask-4\src\main\resources
2020-03-03 18:51:46,600 [Worker-20] INFO  o.e.m.c.i.embedder.EclipseLogger - Using 'UTF-8' encoding to copy filtered resources.
2020-03-03 18:51:46,600 [Worker-20] INFO  o.e.m.c.i.embedder.EclipseLogger - skip non existing resourceDirectory C:\softwares\eclipse\ bhavya git1 hometask-4\HomeTask-4\src\test\resources
2020-03-03 18:54:40,920 [Worker-22] INFO  o.e.m.c.i.embedder.EclipseLogger - Using 'UTF-8' encoding to copy filtered resources.
2020-03-03 18:54:40,920 [Worker-22] INFO  o.e.m.c.i.embedder.EclipseLogger - skip non existing resourceDirectory C:\softwares\eclipse\ bhavya git1 hometask-4\HomeTask-4\src\main\resources
2020-03-03 18:54:40,922 [Worker-22] INFO  o.e.m.c.i.embedder.EclipseLogger - Using 'UTF-8' encoding to copy filtered resources.
2020-03-03 18:54:40,922 [Worker-22] INFO  o.e.m.c.i.embedder.EclipseLogger - skip non existing resourceDirectory C:\softwares\eclipse\ bhavya git1 hometask-4\HomeTask-4\src\test\resources
2020-03-03 18:55:01,035 [Worker-23] INFO  o.e.m.c.i.embedder.EclipseLogger - Using 'UTF-8' encoding to copy filtered resources.
2020-03-03 18:55:01,035 [Worker-23] INFO  o.e.m.c.i.embedder.EclipseLogger - skip non existing resourceDirectory C:\softwares\eclipse\ bhavya git1 hometask-4\HomeTask-4\src\main\resources
2020-03-03 18:55:01,036 [Worker-23] INFO  o.e.m.c.i.embedder.EclipseLogger - Using 'UTF-8' encoding to copy filtered resources.
2020-03-03 18:55:01,036 [Worker-23] INFO  o.e.m.c.i.embedder.EclipseLogger - skip non existing resourceDirectory C:\softwares\eclipse\ bhavya git1 hometask-4\HomeTask-4\src\test\resources
2020-03-03 18:55:21,966 [Worker-23] INFO  o.e.m.c.i.embedder.EclipseLogger - Using 'UTF-8' encoding to copy filtered resources.
2020-03-03 18:55:21,966 [Worker-23] INFO  o.e.m.c.i.embedder.EclipseLogger - skip non existing resourceDirectory C:\softwares\eclipse\ bhavya git1 hometask-4\HomeTask-4\src\main\resources
2020-03-03 18:55:21,967 [Worker-23] INFO  o.e.m.c.i.embedder.EclipseLogger - Using 'UTF-8' encoding to copy filtered resources.
2020-03-03 18:55:21,967 [Worker-23] INFO  o.e.m.c.i.embedder.EclipseLogger - skip non existing resourceDirectory C:\softwares\eclipse\ bhavya git1 hometask-4\HomeTask-4\src\test\resources
2020-03-03 18:57:11,431 [Worker-18] INFO  o.e.m.c.i.embedder.EclipseLogger - Using 'UTF-8' encoding to copy filtered resources.
2020-03-03 18:57:11,432 [Worker-18] INFO  o.e.m.c.i.embedder.EclipseLogger - skip non existing resourceDirectory C:\softwares\eclipse\ bhavya git1 hometask-4\HomeTask-4\src\main\resources
2020-03-03 18:57:11,433 [Worker-18] INFO  o.e.m.c.i.embedder.EclipseLogger - Using 'UTF-8' encoding to copy filtered resources.
2020-03-03 18:57:11,434 [Worker-18] INFO  o.e.m.c.i.embedder.EclipseLogger - skip non existing resourceDirectory C:\softwares\eclipse\ bhavya git1 hometask-4\HomeTask-4\src\test\resources
2020-03-03 19:10:55,782 [Worker-25] INFO  o.e.m.c.i.embedder.EclipseLogger - Using 'UTF-8' encoding to copy filtered resources.
2020-03-03 19:10:55,782 [Worker-25] INFO  o.e.m.c.i.embedder.EclipseLogger - skip non existing resourceDirectory C:\softwares\eclipse\ bhavya git1 hometask-4\HomeTask-4\src\main\resources
2020-03-03 19:10:55,785 [Worker-25] INFO  o.e.m.c.i.embedder.EclipseLogger - Using 'UTF-8' encoding to copy filtered resources.
2020-03-03 19:10:55,785 [Worker-25] INFO  o.e.m.c.i.embedder.EclipseLogger - skip non existing resourceDirectory C:\softwares\eclipse\ bhavya git1 hometask-4\HomeTask-4\src\test\resources
2020-03-03 19:10:56,808 [Worker-29] INFO  o.e.m.c.i.embedder.EclipseLogger - Using 'UTF-8' encoding to copy filtered resources.
2020-03-03 19:10:56,809 [Worker-29] INFO  o.e.m.c.i.embedder.EclipseLogger - skip non existing resourceDirectory C:\softwares\eclipse\ bhavya git1 hometask-4\HomeTask-4\src\main\resources
2020-03-03 19:10:56,810 [Worker-29] INFO  o.e.m.c.i.embedder.EclipseLogger - Using 'UTF-8' encoding to copy filtered resources.
2020-03-03 19:10:56,811 [Worker-29] INFO  o.e.m.c.i.embedder.EclipseLogger - skip non existing resourceDirectory C:\softwares\eclipse\ bhavya git1 hometask-4\HomeTask-4\src\test\resources
2020-03-03 19:12:09,383 [Worker-30] INFO  o.e.m.c.i.embedder.EclipseLogger - Using 'UTF-8' encoding to copy filtered resources.
2020-03-03 19:12:09,384 [Worker-30] INFO  o.e.m.c.i.embedder.EclipseLogger - skip non existing resourceDirectory C:\softwares\eclipse\ bhavya git1 hometask-4\HomeTask-4\src\main\resources
2020-03-03 19:12:09,385 [Worker-30] INFO  o.e.m.c.i.embedder.EclipseLogger - Using 'UTF-8' encoding to copy filtered resources.
2020-03-03 19:12:09,386 [Worker-30] INFO  o.e.m.c.i.embedder.EclipseLogger - skip non existing resourceDirectory C:\softwares\eclipse\ bhavya git1 hometask-4\HomeTask-4\src\test\resources
2020-03-03 19:12:54,382 [Worker-24] INFO  o.e.m.c.i.embedder.EclipseLogger - Using 'UTF-8' encoding to copy filtered resources.
2020-03-03 19:12:54,382 [Worker-24] INFO  o.e.m.c.i.embedder.EclipseLogger - skip non existing resourceDirectory C:\softwares\eclipse\ bhavya git1 hometask-4\HomeTask-4\src\main\resources
2020-03-03 19:12:54,383 [Worker-24] INFO  o.e.m.c.i.embedder.EclipseLogger - Using 'UTF-8' encoding to copy filtered resources.
2020-03-03 19:12:54,384 [Worker-24] INFO  o.e.m.c.i.embedder.EclipseLogger - skip non existing resourceDirectory C:\softwares\eclipse\ bhavya git1 hometask-4\HomeTask-4\src\test\resources
2020-03-03 19:13:57,259 [Worker-24] INFO  o.e.m.c.i.embedder.EclipseLogger - Using 'UTF-8' encoding to copy filtered resources.
2020-03-03 19:13:57,260 [Worker-24] INFO  o.e.m.c.i.embedder.EclipseLogger - skip non existing resourceDirectory C:\softwares\eclipse\ bhavya git1 hometask-4\HomeTask-4\src\main\resources
2020-03-03 19:13:57,261 [Worker-24] INFO  o.e.m.c.i.embedder.EclipseLogger - Using 'UTF-8' encoding to copy filtered resources.
2020-03-03 19:13:57,261 [Worker-24] INFO  o.e.m.c.i.embedder.EclipseLogger - skip non existing resourceDirectory C:\softwares\eclipse\ bhavya git1 hometask-4\HomeTask-4\src\test\resources
2020-03-03 19:16:06,413 [Worker-31] INFO  o.e.m.c.i.embedder.EclipseLogger - Using 'UTF-8' encoding to copy filtered resources.
2020-03-03 19:16:06,413 [Worker-31] INFO  o.e.m.c.i.embedder.EclipseLogger - skip non existing resourceDirectory C:\softwares\eclipse\ bhavya git1 hometask-4\HomeTask-4\src\main\resources
2020-03-03 19:16:06,414 [Worker-31] INFO  o.e.m.c.i.embedder.EclipseLogger - Using 'UTF-8' encoding to copy filtered resources.
2020-03-03 19:16:06,414 [Worker-31] INFO  o.e.m.c.i.embedder.EclipseLogger - skip non existing resourceDirectory C:\softwares\eclipse\ bhavya git1 hometask-4\HomeTask-4\src\test\resources
2020-03-03 19:16:27,318 [Worker-29] INFO  o.e.m.c.i.embedder.EclipseLogger - Using 'UTF-8' encoding to copy filtered resources.
2020-03-03 19:16:27,319 [Worker-29] INFO  o.e.m.c.i.embedder.EclipseLogger - skip non existing resourceDirectory C:\softwares\eclipse\ bhavya git1 hometask-4\HomeTask-4\src\main\resources
2020-03-03 19:16:27,320 [Worker-29] INFO  o.e.m.c.i.embedder.EclipseLogger - Using 'UTF-8' encoding to copy filtered resources.
2020-03-03 19:16:27,321 [Worker-29] INFO  o.e.m.c.i.embedder.EclipseLogger - skip non existing resourceDirectory C:\softwares\eclipse\ bhavya git1 hometask-4\HomeTask-4\src\test\resources
2020-03-03 19:18:26,194 [Worker-24] INFO  o.e.m.c.i.embedder.EclipseLogger - Using 'UTF-8' encoding to copy filtered resources.
2020-03-03 19:18:26,195 [Worker-24] INFO  o.e.m.c.i.embedder.EclipseLogger - skip non existing resourceDirectory C:\softwares\eclipse\ bhavya git1 hometask-4\HomeTask-4\src\main\resources
2020-03-03 19:18:26,196 [Worker-24] INFO  o.e.m.c.i.embedder.EclipseLogger - Using 'UTF-8' encoding to copy filtered resources.
2020-03-03 19:18:26,198 [Worker-24] INFO  o.e.m.c.i.embedder.EclipseLogger - skip non existing resourceDirectory C:\softwares\eclipse\ bhavya git1 hometask-4\HomeTask-4\src\test\resources
